<?xml version="1.0" encoding="UTF-8"?>
<!-- Generated by org.testng.reporters.JUnitXMLReporter -->
<testsuite hostname="DESKTOP-901HOTP" ignored="0" name="Test" tests="2" failures="2" timestamp="05 Mar 2020 10:08:29 GMT" time="62.008" errors="0">
  <testcase name="SearchTest" time="32.793" classname="com.Alsis.AlsisOLX.SerachBarTest">
    <failure type="org.openqa.selenium.WebDriverException" message="java.net.SocketTimeoutException: timeout
Build info: version: &amp;apos;3.9.0&amp;apos;, revision: &amp;apos;698b3178f0&amp;apos;, time: &amp;apos;2018-02-05T14:56:13.134Z&amp;apos;
System info: host: &amp;apos;DESKTOP-901HOTP&amp;apos;, ip: &amp;apos;172.20.10.2&amp;apos;, os.name: &amp;apos;Windows 10&amp;apos;, os.arch: &amp;apos;amd64&amp;apos;, os.version: &amp;apos;10.0&amp;apos;, java.version: &amp;apos;1.8.0_144&amp;apos;
Driver info: driver.version: RemoteWebDriver">
      <![CDATA[org.openqa.selenium.WebDriverException: java.net.SocketTimeoutException: timeout
Build info: version: '3.9.0', revision: '698b3178f0', time: '2018-02-05T14:56:13.134Z'
System info: host: 'DESKTOP-901HOTP', ip: '172.20.10.2', os.name: 'Windows 10', os.arch: 'amd64', os.version: '10.0', java.version: '1.8.0_144'
Driver info: driver.version: RemoteWebDriver
	at org.openqa.selenium.remote.service.DriverCommandExecutor.execute(DriverCommandExecutor.java:92)
	at org.openqa.selenium.remote.RemoteWebDriver.execute(RemoteWebDriver.java:601)
	at org.openqa.selenium.remote.RemoteWebDriver.findElement(RemoteWebDriver.java:371)
	at org.openqa.selenium.remote.RemoteWebDriver.findElementByXPath(RemoteWebDriver.java:473)
	at org.openqa.selenium.By$ByXPath.findElement(By.java:361)
	at org.openqa.selenium.remote.RemoteWebDriver.findElement(RemoteWebDriver.java:363)
	at com.Alsis.AlsisOLX.SerachBarTest.SearchTest(SerachBarTest.java:51)
Caused by: java.net.SocketTimeoutException: timeout
	at okio.Okio$4.newTimeoutException(Okio.java:230)
	at okio.AsyncTimeout.exit(AsyncTimeout.java:285)
	at okio.AsyncTimeout$2.read(AsyncTimeout.java:241)
	at okio.RealBufferedSource.indexOf(RealBufferedSource.java:345)
	at okio.RealBufferedSource.readUtf8LineStrict(RealBufferedSource.java:217)
	at okhttp3.internal.http1.Http1Codec.readHeaderLine(Http1Codec.java:212)
	at okhttp3.internal.http1.Http1Codec.readResponseHeaders(Http1Codec.java:189)
	at okhttp3.internal.http.CallServerInterceptor.intercept(CallServerInterceptor.java:88)
	at okhttp3.internal.http.RealInterceptorChain.proceed(RealInterceptorChain.java:147)
	at okhttp3.internal.connection.ConnectInterceptor.intercept(ConnectInterceptor.java:45)
	at okhttp3.internal.http.RealInterceptorChain.proceed(RealInterceptorChain.java:147)
	at okhttp3.internal.http.RealInterceptorChain.proceed(RealInterceptorChain.java:121)
	at okhttp3.internal.cache.CacheInterceptor.intercept(CacheInterceptor.java:93)
	at okhttp3.internal.http.RealInterceptorChain.proceed(RealInterceptorChain.java:147)
	at okhttp3.internal.http.RealInterceptorChain.proceed(RealInterceptorChain.java:121)
	at okhttp3.internal.http.BridgeInterceptor.intercept(BridgeInterceptor.java:93)
	at okhttp3.internal.http.RealInterceptorChain.proceed(RealInterceptorChain.java:147)
	at okhttp3.internal.http.RetryAndFollowUpInterceptor.intercept(RetryAndFollowUpInterceptor.java:125)
	at okhttp3.internal.http.RealInterceptorChain.proceed(RealInterceptorChain.java:147)
	at okhttp3.internal.http.RealInterceptorChain.proceed(RealInterceptorChain.java:121)
	at okhttp3.RealCall.getResponseWithInterceptorChain(RealCall.java:200)
	at okhttp3.RealCall.execute(RealCall.java:77)
	at org.openqa.selenium.remote.internal.OkHttpClient.execute(OkHttpClient.java:97)
	at org.openqa.selenium.remote.internal.OkHttpClient.execute(OkHttpClient.java:47)
	at org.openqa.selenium.remote.HttpCommandExecutor.execute(HttpCommandExecutor.java:157)
	at org.openqa.selenium.remote.service.DriverCommandExecutor.execute(DriverCommandExecutor.java:83)
	... 31 more
Caused by: java.net.SocketTimeoutException: Read timed out
	at java.net.SocketInputStream.socketRead0(Native Method)
	at java.net.SocketInputStream.socketRead(Unknown Source)
	at java.net.SocketInputStream.read(Unknown Source)
	at java.net.SocketInputStream.read(Unknown Source)
	at okio.Okio$2.read(Okio.java:139)
	at okio.AsyncTimeout$2.read(AsyncTimeout.java:237)
	... 54 more
... Removed 25 stack frames]]>
    </failure>
  </testcase> <!-- SearchTest -->
  <testcase name="Categoriesdropdown" time="29.167" classname="com.Alsis.AlsisOLX.AllCateegoriesDropDown">
    <failure type="org.openqa.selenium.WebDriverException" message="java.net.SocketTimeoutException: timeout
Build info: version: &amp;apos;3.9.0&amp;apos;, revision: &amp;apos;698b3178f0&amp;apos;, time: &amp;apos;2018-02-05T14:56:13.134Z&amp;apos;
System info: host: &amp;apos;DESKTOP-901HOTP&amp;apos;, ip: &amp;apos;172.20.10.2&amp;apos;, os.name: &amp;apos;Windows 10&amp;apos;, os.arch: &amp;apos;amd64&amp;apos;, os.version: &amp;apos;10.0&amp;apos;, java.version: &amp;apos;1.8.0_144&amp;apos;
Driver info: driver.version: RemoteWebDriver">
      <![CDATA[org.openqa.selenium.WebDriverException: java.net.SocketTimeoutException: timeout
Build info: version: '3.9.0', revision: '698b3178f0', time: '2018-02-05T14:56:13.134Z'
System info: host: 'DESKTOP-901HOTP', ip: '172.20.10.2', os.name: 'Windows 10', os.arch: 'amd64', os.version: '10.0', java.version: '1.8.0_144'
Driver info: driver.version: RemoteWebDriver
	at org.openqa.selenium.remote.service.DriverCommandExecutor.execute(DriverCommandExecutor.java:92)
	at org.openqa.selenium.remote.RemoteWebDriver.execute(RemoteWebDriver.java:601)
	at org.openqa.selenium.remote.RemoteWebDriver.findElement(RemoteWebDriver.java:371)
	at org.openqa.selenium.remote.RemoteWebDriver.findElementByXPath(RemoteWebDriver.java:473)
	at org.openqa.selenium.By$ByXPath.findElement(By.java:361)
	at org.openqa.selenium.remote.RemoteWebDriver.findElement(RemoteWebDriver.java:363)
	at com.Alsis.AlsisOLX.AllCateegoriesDropDown.Categoriesdropdown(AllCateegoriesDropDown.java:41)
Caused by: java.net.SocketTimeoutException: timeout
	at okio.Okio$4.newTimeoutException(Okio.java:230)
	at okio.AsyncTimeout.exit(AsyncTimeout.java:285)
	at okio.AsyncTimeout$2.read(AsyncTimeout.java:241)
	at okio.RealBufferedSource.indexOf(RealBufferedSource.java:345)
	at okio.RealBufferedSource.readUtf8LineStrict(RealBufferedSource.java:217)
	at okhttp3.internal.http1.Http1Codec.readHeaderLine(Http1Codec.java:212)
	at okhttp3.internal.http1.Http1Codec.readResponseHeaders(Http1Codec.java:189)
	at okhttp3.internal.http.CallServerInterceptor.intercept(CallServerInterceptor.java:88)
	at okhttp3.internal.http.RealInterceptorChain.proceed(RealInterceptorChain.java:147)
	at okhttp3.internal.connection.ConnectInterceptor.intercept(ConnectInterceptor.java:45)
	at okhttp3.internal.http.RealInterceptorChain.proceed(RealInterceptorChain.java:147)
	at okhttp3.internal.http.RealInterceptorChain.proceed(RealInterceptorChain.java:121)
	at okhttp3.internal.cache.CacheInterceptor.intercept(CacheInterceptor.java:93)
	at okhttp3.internal.http.RealInterceptorChain.proceed(RealInterceptorChain.java:147)
	at okhttp3.internal.http.RealInterceptorChain.proceed(RealInterceptorChain.java:121)
	at okhttp3.internal.http.BridgeInterceptor.intercept(BridgeInterceptor.java:93)
	at okhttp3.internal.http.RealInterceptorChain.proceed(RealInterceptorChain.java:147)
	at okhttp3.internal.http.RetryAndFollowUpInterceptor.intercept(RetryAndFollowUpInterceptor.java:125)
	at okhttp3.internal.http.RealInterceptorChain.proceed(RealInterceptorChain.java:147)
	at okhttp3.internal.http.RealInterceptorChain.proceed(RealInterceptorChain.java:121)
	at okhttp3.RealCall.getResponseWithInterceptorChain(RealCall.java:200)
	at okhttp3.RealCall.execute(RealCall.java:77)
	at org.openqa.selenium.remote.internal.OkHttpClient.execute(OkHttpClient.java:97)
	at org.openqa.selenium.remote.internal.OkHttpClient.execute(OkHttpClient.java:47)
	at org.openqa.selenium.remote.HttpCommandExecutor.execute(HttpCommandExecutor.java:157)
	at org.openqa.selenium.remote.service.DriverCommandExecutor.execute(DriverCommandExecutor.java:83)
	... 31 more
Caused by: java.net.SocketTimeoutException: Read timed out
	at java.net.SocketInputStream.socketRead0(Native Method)
	at java.net.SocketInputStream.socketRead(Unknown Source)
	at java.net.SocketInputStream.read(Unknown Source)
	at java.net.SocketInputStream.read(Unknown Source)
	at okio.Okio$2.read(Okio.java:139)
	at okio.AsyncTimeout$2.read(AsyncTimeout.java:237)
	... 54 more
... Removed 25 stack frames]]>
    </failure>
  </testcase> <!-- Categoriesdropdown -->
</testsuite> <!-- Test -->
